09:22:21 [main] FATAL dailyLogger - Fail Load Property File.
09:22:59 [main] INFO  dailyLogger - Start Process.
09:22:59 [main] INFO  dailyLogger - Press StartD:\Project\pressFiles\pressFiles\pressResult/2018-12-30_2019-1-13.zip.
09:23:00 [main] INFO  dailyLogger - Function zipFiles Finish.
09:23:00 [main] INFO  dailyLogger - Press FinishD:\Project\pressFiles\pressFiles\pressResult/2018-12-30_2019-1-13.zip.
09:23:00 [main] INFO  dailyLogger - Delete Source File Start.
09:23:00 [main] INFO  dailyLogger - Delete Source File Finish.
09:23:00 [main] INFO  dailyLogger - Delete Empty Folder Start.
09:23:00 [main] INFO  dailyLogger - Delete Folder Finish.
09:23:00 [main] INFO  dailyLogger - Press StartD:\Project\pressFiles\pressFiles\pressResult/2019-1-14_2019-1-28.zip.
09:23:00 [main] INFO  dailyLogger - Function zipFiles Finish.
09:23:00 [main] INFO  dailyLogger - Press FinishD:\Project\pressFiles\pressFiles\pressResult/2019-1-14_2019-1-28.zip.
09:23:00 [main] INFO  dailyLogger - Delete Source File Start.
09:23:00 [main] INFO  dailyLogger - Delete Source File Finish.
09:23:00 [main] INFO  dailyLogger - Delete Empty Folder Start.
09:23:00 [main] INFO  dailyLogger - Delete Folder Finish.
09:23:00 [main] INFO  dailyLogger - Press StartD:\Project\pressFiles\pressFiles\pressResult/2019-1-29_2019-2-12.zip.
09:23:00 [main] INFO  dailyLogger - Function zipFiles Finish.
09:23:00 [main] INFO  dailyLogger - Press FinishD:\Project\pressFiles\pressFiles\pressResult/2019-1-29_2019-2-12.zip.
09:23:00 [main] INFO  dailyLogger - Delete Source File Start.
09:23:00 [main] INFO  dailyLogger - Delete Source File Finish.
09:23:00 [main] INFO  dailyLogger - Delete Empty Folder Start.
09:23:00 [main] INFO  dailyLogger - Delete Folder Finish.
09:23:00 [main] INFO  dailyLogger - Press StartD:\Project\pressFiles\pressFiles\pressResult/2019-2-13_2019-2-27.zip.
09:23:00 [main] INFO  dailyLogger - Function zipFiles Finish.
09:23:00 [main] INFO  dailyLogger - Press FinishD:\Project\pressFiles\pressFiles\pressResult/2019-2-13_2019-2-27.zip.
09:23:00 [main] INFO  dailyLogger - Delete Source File Start.
09:23:00 [main] INFO  dailyLogger - Delete Source File Finish.
09:23:00 [main] INFO  dailyLogger - Delete Empty Folder Start.
09:23:00 [main] INFO  dailyLogger - Delete Folder Finish.
